<?xml version="1.0" encoding="UTF-8"?>
<!-- Generated by org.testng.reporters.JUnitReportReporter -->
<testsuite hostname="LAPTOP-VHB53090" failures="0" tests="1" name="LearnTest.ListenerInterface" time="0.007" errors="0" timestamp="2022-03-29T14:33:55 BST" skipped="0">
  <testcase classname="LearnTest.ListenerInterface" name="print" time="0.007"/>
  <system-out/>
</testsuite> <!-- LearnTest.ListenerInterface -->
