<?xml version="1.0" encoding="UTF-8"?>
<!-- Generated by org.testng.reporters.JUnitReportReporter -->
<testsuite hostname="LAPTOP-VHB53090" failures="0" tests="4" name="LearnTest.Demo3" time="0.005" errors="0" timestamp="2022-03-29T14:50:24 BST" skipped="1">
  <testcase classname="LearnTest.Demo3" name="webcarloanprint" time="0.002"/>
  <system-out/>
  <testcase classname="LearnTest.Demo3" name="webcarloanprint" time="0.001"/>
  <system-out/>
  <testcase classname="LearnTest.Demo3" name="webcarloanprint" time="0.002"/>
  <system-out/>
  <testcase classname="LearnTest.Demo3" name="beforeexec">
    <skipped/>
  </testcase> <!-- beforeexec -->
  <system-out/>
</testsuite> <!-- LearnTest.Demo3 -->
