<?xml version="1.0" encoding="UTF-8"?>
<!-- Generated by org.testng.reporters.JUnitReportReporter -->
<testsuite hostname="LAPTOP-VHB53090" failures="0" tests="1" name="LearnTest.Demo4" time="0.001" errors="0" timestamp="2022-03-29T14:50:24 BST" skipped="0">
  <testcase classname="LearnTest.Demo4" name="homeprintmobile" time="0.001"/>
  <system-out/>
</testsuite> <!-- LearnTest.Demo4 -->
